[2026-02-23T01:45:17.250Z] --- Audit Started: production-db-firewall ---
[2026-02-23T01:45:17.251Z] Mode: DRY RUN
[2026-02-23T01:45:17.251Z] ✅ No drift detected. Environment is secure.
[2026-02-23T01:45:59.148Z] --- Audit Started: production-db-firewall ---
[2026-02-23T01:45:59.149Z] Mode: DRY RUN
[2026-02-23T01:45:59.149Z] ✅ No drift detected. Environment is secure.
[2026-02-23T01:47:08.032Z] --- Audit Started: production-db-firewall ---
[2026-02-23T01:47:08.034Z] Mode: DRY RUN (Read-Only)
[2026-02-23T01:47:08.034Z] ✅ No drift detected. Environment is secure.
[2026-02-23T01:47:12.907Z] --- Audit Started: production-db-firewall ---
[2026-02-23T01:47:12.908Z] Mode: LIVE REMEDIATION
[2026-02-23T01:47:12.909Z] ✅ No drift detected. Environment is secure.
[2026-02-23T01:47:40.633Z] --- Audit Started: production-db-firewall ---
[2026-02-23T01:47:40.634Z] Mode: DRY RUN (Read-Only)
[2026-02-23T01:47:40.634Z] ✅ No drift detected. Environment is secure.
[2026-02-23T01:47:46.210Z] --- Audit Started: production-db-firewall ---
[2026-02-23T01:47:46.211Z] Mode: LIVE REMEDIATION
[2026-02-23T01:47:46.211Z] ✅ No drift detected. Environment is secure.
[2026-02-23T01:49:08.518Z] --- DriftWatch Audit: production-db-firewall ---
[2026-02-23T01:49:08.519Z] Mode: DRY RUN
[2026-02-23T01:49:08.520Z] ✅ System is compliant.
[2026-02-23T01:49:16.691Z] --- DriftWatch Audit: production-db-firewall ---
[2026-02-23T01:49:16.692Z] Mode: LIVE REMEDIATION
[2026-02-23T01:49:16.693Z] ✅ System is compliant.
[2026-02-23T02:27:39.153Z] DRIFT DETECTED: production-db-firewall has unauthorized rule rogue-database-query
[2026-02-23T02:27:39.155Z] DRIFT DETECTED: web-frontend-lb has unauthorized rule backdoor-ssh
[2026-02-23T02:27:39.155Z] DRIFT DETECTED: web-frontend-lb has unauthorized rule unauthorized-api-hole
[2026-02-23T02:27:58.410Z] REMEDIATED: Removed rogue-database-query from production-db-firewall
[2026-02-23T02:27:58.412Z] REMEDIATED: Removed backdoor-ssh from web-frontend-lb
[2026-02-23T02:27:58.412Z] REMEDIATED: Removed unauthorized-api-hole from web-frontend-lb
